<?xml version="1.0" encoding="UTF-8"?>
<!-- Generated by org.testng.reporters.JUnitXMLReporter -->
<testsuite hostname="IN-IT0962" ignored="0" name="Test" tests="1" failures="0" timestamp="22 Apr 2020 14:38:09 GMT" time="0.443" errors="0">
  <testcase name="@BeforeClass setUpClass" time="0.065" classname="cucumber.api.testng.AbstractTestNGCucumberTests">
    <failure type="cucumber.runtime.CucumberException" message="Couldn&amp;apos;t load plugin class: io.qameta.allure.cucumber4jvm.AllureCucumberJvm">
      <![CDATA[cucumber.runtime.CucumberException: Couldn't load plugin class: io.qameta.allure.cucumber4jvm.AllureCucumberJvm
at cucumber.runtime.formatter.PluginFactory.loadClass(PluginFactory.java:180)
at cucumber.runtime.formatter.PluginFactory.pluginClass(PluginFactory.java:165)
at cucumber.runtime.formatter.PluginFactory.getPluginClass(PluginFactory.java:222)
at cucumber.runtime.formatter.PluginFactory.isStepDefinitionReporterName(PluginFactory.java:205)
at cucumber.runtime.RuntimeOptions$ParsedPluginData.addPluginName(RuntimeOptions.java:357)
at cucumber.runtime.RuntimeOptions.parse(RuntimeOptions.java:159)
at cucumber.runtime.RuntimeOptions.<init>(RuntimeOptions.java:90)
at cucumber.runtime.RuntimeOptions.<init>(RuntimeOptions.java:85)
at cucumber.runtime.RuntimeOptionsFactory.create(RuntimeOptionsFactory.java:23)
at cucumber.api.testng.TestNGCucumberRunner.<init>(TestNGCucumberRunner.java:37)
at cucumber.api.testng.AbstractTestNGCucumberTests.setUpClass(AbstractTestNGCucumberTests.java:16)
Caused by: java.lang.ClassNotFoundException: io.qameta.allure.cucumber4jvm.AllureCucumberJvm
at java.net.URLClassLoader.findClass(URLClassLoader.java:382)
at java.lang.ClassLoader.loadClass(ClassLoader.java:424)
at sun.misc.Launcher$AppClassLoader.loadClass(Launcher.java:349)
at java.lang.ClassLoader.loadClass(ClassLoader.java:357)
at cucumber.runtime.formatter.PluginFactory.loadClass(PluginFactory.java:173)
... 36 more
... Removed 26 stack frames]]>
    </failure>
  </testcase> <!-- @BeforeClass setUpClass -->
  <testcase name="@BeforeClass setUp" time="0.0" classname="Runner.StudentRunner">
    <skipped/>
  </testcase> <!-- @BeforeClass setUp -->
  <testcase name="@AfterClass tearDownClass" time="0.001" classname="cucumber.api.testng.AbstractTestNGCucumberTests">
    <failure type="java.lang.NullPointerException">
      <![CDATA[java.lang.NullPointerException
at cucumber.api.testng.AbstractTestNGCucumberTests.tearDownClass(AbstractTestNGCucumberTests.java:34)
... Removed 26 stack frames]]>
    </failure>
  </testcase> <!-- @AfterClass tearDownClass -->
  <testcase name="feature" time="0.0" classname="cucumber.api.testng.AbstractTestNGCucumberTests">
    <skipped/>
  </testcase> <!-- feature -->
</testsuite> <!-- Test -->
