<?xml version="1.0" encoding="UTF-8"?>
<testng-results skipped="0" failed="0" ignored="0" total="1" passed="1">
  <reporter-output>
  </reporter-output>
  <suite name="Default suite" duration-ms="13716" started-at="2020-04-27T11:55:55Z" finished-at="2020-04-27T11:56:08Z">
    <groups>
      <group name="cucumber">
        <method signature="AbstractTestNGCucumberTests.feature(cucumber.api.testng.CucumberFeatureWrapper)[pri:0, instance:Runner.StudentRunner@47eaca72]" name="feature" class="cucumber.api.testng.AbstractTestNGCucumberTests"/>
      </group> <!-- cucumber -->
    </groups>
    <test name="Default test" duration-ms="13716" started-at="2020-04-27T11:55:55Z" finished-at="2020-04-27T11:56:08Z">
      <class name="Runner.StudentRunner">
        <test-method status="PASS" signature="setUpClass()[pri:0, instance:Runner.StudentRunner@47eaca72]" name="setUpClass" is-config="true" duration-ms="1835" started-at="2020-04-27T11:55:55Z" finished-at="2020-04-27T11:55:56Z">
          <reporter-output>
          </reporter-output>
        </test-method> <!-- setUpClass -->
        <test-method status="PASS" signature="setUp()[pri:0, instance:Runner.StudentRunner@47eaca72]" name="setUp" is-config="true" duration-ms="1015" started-at="2020-04-27T11:55:56Z" finished-at="2020-04-27T11:55:57Z">
          <reporter-output>
          </reporter-output>
        </test-method> <!-- setUp -->
        <test-method status="PASS" signature="feature(cucumber.api.testng.CucumberFeatureWrapper)[pri:0, instance:Runner.StudentRunner@47eaca72]" name="feature" duration-ms="10518" started-at="2020-04-27T11:55:58Z" description="Runs Cucumber Feature" data-provider="features" finished-at="2020-04-27T11:56:08Z">
          <params>
            <param index="0">
              <value>
                <![CDATA[Test Student API List]]>
              </value>
            </param>
          </params>
          <reporter-output>
          </reporter-output>
        </test-method> <!-- feature -->
        <test-method status="PASS" signature="tearDownClass()[pri:0, instance:Runner.StudentRunner@47eaca72]" name="tearDownClass" is-config="true" duration-ms="36" started-at="2020-04-27T11:56:08Z" finished-at="2020-04-27T11:56:08Z">
          <reporter-output>
          </reporter-output>
        </test-method> <!-- tearDownClass -->
      </class> <!-- Runner.StudentRunner -->
    </test> <!-- Default test -->
  </suite> <!-- Default suite -->
</testng-results>
